app/build/intermediates/manifest_merge_blame_file/release/manifest-merger-blame-release-report.txt
1<?xml version="1.0" encoding="utf-8"?>
2<manifest xmlns:android="http://schemas.android.com/apk/res/android"
3    package="com.example.ladarmonitor"
4    android:versionCode="1"
5    android:versionName="1.0" >
6
7    <uses-sdk
8        android:minSdkVersion="26"
8-->src\main\AndroidManifest.xml
9        android:targetSdkVersion="28" />
9-->src\main\AndroidManifest.xml
10
11    <uses-permission android:name="android.permission.CAMERA" />
11-->src\main\AndroidManifest.xml:8:5-65
11-->src\main\AndroidManifest.xml:8:22-62
12
13    <uses-feature android:name="android.hardware.camera" />
13-->src\main\AndroidManifest.xml:10:5-60
13-->src\main\AndroidManifest.xml:10:19-57
14    <uses-feature android:name="android.hardware.camera.autofocus" />
14-->src\main\AndroidManifest.xml:11:5-70
14-->src\main\AndroidManifest.xml:11:19-67
15
16    <uses-permission android:name="android.permission.CHANGE_WIFI_STATE" />
16-->src\main\AndroidManifest.xml:13:5-76
16-->src\main\AndroidManifest.xml:13:22-73
17    <uses-permission android:name="android.permission.ACCESS_WIFI_STATE" />
17-->src\main\AndroidManifest.xml:14:5-76
17-->src\main\AndroidManifest.xml:14:22-73
18    <uses-permission android:name="android.permission.CHANGE_NETWORK_STATE" />
18-->src\main\AndroidManifest.xml:15:5-79
18-->src\main\AndroidManifest.xml:15:22-76
19    <uses-permission android:name="android.permission.ACCESS_NETWORK_STATE" />
19-->src\main\AndroidManifest.xml:16:5-79
19-->src\main\AndroidManifest.xml:16:22-76
20    <uses-permission android:name="android.permission.READ_EXTERNAL_STORAGE" />
20-->src\main\AndroidManifest.xml:17:5-80
20-->src\main\AndroidManifest.xml:17:22-77
21    <uses-permission android:name="android.permission.WRITE_EXTERNAL_STORAGE" />
21-->src\main\AndroidManifest.xml:18:5-81
21-->src\main\AndroidManifest.xml:18:22-78
22    <uses-permission android:name="android.permission.INTERNET" />
22-->src\main\AndroidManifest.xml:19:5-67
22-->src\main\AndroidManifest.xml:19:22-64
23    <uses-permission android:name="android.permission.ACCESS_COARSE_LOCATION" />
23-->src\main\AndroidManifest.xml:20:5-81
23-->src\main\AndroidManifest.xml:20:22-78
24    <uses-permission android:name="android.permission.CHANGE_WIFI_STATE" />
24-->src\main\AndroidManifest.xml:13:5-76
24-->src\main\AndroidManifest.xml:13:22-73
25    <uses-permission android:name="android.permission.ACCESS_WIFI_STATE" />
25-->src\main\AndroidManifest.xml:14:5-76
25-->src\main\AndroidManifest.xml:14:22-73
26    <uses-permission android:name="android.permission.CHANGE_NETWORK_STATE" />
26-->src\main\AndroidManifest.xml:15:5-79
26-->src\main\AndroidManifest.xml:15:22-76
27    <uses-permission android:name="android.permission.ACCESS_NETWORK_STATE" />
27-->src\main\AndroidManifest.xml:16:5-79
27-->src\main\AndroidManifest.xml:16:22-76
28    <uses-permission android:name="android.permission.READ_EXTERNAL_STORAGE" />
28-->src\main\AndroidManifest.xml:17:5-80
28-->src\main\AndroidManifest.xml:17:22-77
29    <uses-permission android:name="android.permission.INTERNET" />
29-->src\main\AndroidManifest.xml:19:5-67
29-->src\main\AndroidManifest.xml:19:22-64
30    <uses-permission android:name="android.permission.MOUNT_UNMOUNT_FILESYSTEMS" />
30-->src\main\AndroidManifest.xml:27:5-29:47
30-->src\main\AndroidManifest.xml:28:9-68
31    <uses-permission android:name="android.permission.MOUNT_UNMOUNT_FILESYSTEM" />
31-->src\main\AndroidManifest.xml:30:5-83
31-->src\main\AndroidManifest.xml:30:22-80
32    <uses-permission android:name="android.permission.WRITE_EXTERNAL_STORAGE" />
32-->src\main\AndroidManifest.xml:18:5-81
32-->src\main\AndroidManifest.xml:18:22-78
33    <uses-permission android:name="android.permission.WAKE_LOCK" />
33-->src\main\AndroidManifest.xml:32:5-68
33-->src\main\AndroidManifest.xml:32:22-65
34
35    <application
35-->src\main\AndroidManifest.xml:34:5-92:19
36        android:allowBackup="true"
36-->src\main\AndroidManifest.xml:35:9-35
37        android:appComponentFactory="androidx.core.app.CoreComponentFactory"
37-->[androidx.core:core:1.0.1] AndroidManifest.xml:22:18-86
38        android:icon="@drawable/radar"
38-->src\main\AndroidManifest.xml:36:9-39
39        android:label="@string/app_name"
39-->src\main\AndroidManifest.xml:37:9-41
40        android:theme="@android:style/Theme.Light.NoTitleBar"
40-->src\main\AndroidManifest.xml:38:9-62
41        android:usesCleartextTraffic="true" >
41-->src\main\AndroidManifest.xml:39:9-44
42        <activity
42-->src\main\AndroidManifest.xml:40:9-43:20
43            android:name="com.example.UpLoad.MyDialogActivity2"
43-->src\main\AndroidManifest.xml:40:19-70
44            android:theme="@style/share_activity_styles" >
44-->src\main\AndroidManifest.xml:41:13-57
45        </activity>
46        <activity
46-->src\main\AndroidManifest.xml:44:9-47:65
47            android:name="com.example.BackRadar.SettingActivityForNormal"
47-->src\main\AndroidManifest.xml:45:13-74
48            android:screenOrientation="landscape"
48-->src\main\AndroidManifest.xml:46:13-50
49            android:theme="@style/MySettingActivity" />
49-->src\main\AndroidManifest.xml:47:13-53
50        <activity
50-->src\main\AndroidManifest.xml:48:9-51:56
51            android:name="com.example.UpLoad.SelectPicActivity"
51-->src\main\AndroidManifest.xml:49:13-64
52            android:screenOrientation="landscape"
52-->src\main\AndroidManifest.xml:50:13-50
53            android:theme="@style/DialogStyleBottom" />
53-->src\main\AndroidManifest.xml:51:13-53
54        <activity android:name="com.example.UpLoad.UploadImageActivity" />
54-->src\main\AndroidManifest.xml:52:9-75
54-->src\main\AndroidManifest.xml:52:19-72
55
56        <uses-library
56-->src\main\AndroidManifest.xml:54:9-56:40
57            android:name="org.apache.http.legacy"
57-->src\main\AndroidManifest.xml:55:13-50
58            android:required="false" />
58-->src\main\AndroidManifest.xml:56:13-37
59
60        <activity
60-->src\main\AndroidManifest.xml:58:9-61:47
61            android:name="com.example.helper.zbar.CaptureActivity"
61-->src\main\AndroidManifest.xml:59:13-67
62            android:screenOrientation="fullSensor"
62-->src\main\AndroidManifest.xml:60:13-51
63            android:theme="@style/scanzbar" />
63-->src\main\AndroidManifest.xml:61:13-44
64        <activity
64-->src\main\AndroidManifest.xml:62:9-64:60
65            android:name="com.example.UpLoad.MyDialogActivity"
65-->src\main\AndroidManifest.xml:63:13-63
66            android:theme="@style/share_activity_styles" />
66-->src\main\AndroidManifest.xml:64:13-57
67        <activity
67-->src\main\AndroidManifest.xml:65:9-74:20
68            android:name="com.example.BackRadar.MainActivity"
68-->src\main\AndroidManifest.xml:66:13-62
69            android:label="@string/app_name"
69-->src\main\AndroidManifest.xml:67:13-45
70            android:screenOrientation="landscape" >
70-->src\main\AndroidManifest.xml:68:13-50
71            <intent-filter>
71-->src\main\AndroidManifest.xml:69:13-73:29
72                <action android:name="android.intent.action.MAIN" />
72-->src\main\AndroidManifest.xml:70:17-69
72-->src\main\AndroidManifest.xml:70:25-66
73
74                <category android:name="android.intent.category.LAUNCHER" />
74-->src\main\AndroidManifest.xml:72:17-77
74-->src\main\AndroidManifest.xml:72:27-74
75            </intent-filter>
76        </activity>
77        <activity
77-->src\main\AndroidManifest.xml:75:9-79:56
78            android:name="com.example.BackRadar.SettingActivity"
78-->src\main\AndroidManifest.xml:76:13-65
79            android:label="@string/title_activity_setting"
79-->src\main\AndroidManifest.xml:77:13-59
80            android:screenOrientation="landscape"
80-->src\main\AndroidManifest.xml:78:13-50
81            android:theme="@style/MySettingActivity" />
81-->src\main\AndroidManifest.xml:79:13-53
82        <activity
82-->src\main\AndroidManifest.xml:80:9-83:59
83            android:name="com.example.BackRadar.MyFileManager"
83-->src\main\AndroidManifest.xml:81:13-63
84            android:label="@string/title_activity_my_file_manager"
84-->src\main\AndroidManifest.xml:82:13-67
85            android:theme="@android:style/Theme.Dialog" />
85-->src\main\AndroidManifest.xml:83:13-56
86        <activity
86-->src\main\AndroidManifest.xml:84:9-87:59
87            android:name="com.example.UpLoad.FileListMyDialogManager"
87-->src\main\AndroidManifest.xml:85:13-70
88            android:label="@string/title_activity_my_file_manager"
88-->src\main\AndroidManifest.xml:86:13-67
89            android:theme="@android:style/Theme.Dialog" />
89-->src\main\AndroidManifest.xml:87:13-56
90        <activity
90-->src\main\AndroidManifest.xml:88:9-91:53
91            android:name="com.example.ladarmonitor.NoneActivity"
91-->src\main\AndroidManifest.xml:89:13-41
92            android:label="@string/title_activity_none"
92-->src\main\AndroidManifest.xml:90:13-56
93            android:screenOrientation="landscape" />
93-->src\main\AndroidManifest.xml:91:13-50
94    </application>
95
96</manifest>